android/app/build/outputs/logs/manifest-merger-debug-report.txt
-- Merging decision tree log ---
manifest
ADDED from src\main\AndroidManifest.xml:1:1-494:12
	xmlns:tools
		ADDED from src\main\AndroidManifest.xml:2:5-51
	xmlns:android
		ADDED from src\main\AndroidManifest.xml:1:11-69
	package
		ADDED from src\main\AndroidManifest.xml:3:5-35
		INJECTED from src\main\AndroidManifest.xml
		INJECTED from src\main\AndroidManifest.xml
	android:versionName
		ADDED from src\main\AndroidManifest.xml:5:5-30
		INJECTED from src\main\AndroidManifest.xml
		INJECTED from src\main\AndroidManifest.xml
	android:versionCode
		ADDED from src\main\AndroidManifest.xml:4:5-28
		INJECTED from src\main\AndroidManifest.xml
		INJECTED from src\main\AndroidManifest.xml
uses-permission#android.permission.INTERNET
ADDED from src\main\AndroidManifest.xml:8:5-67
MERGED from [RNRecruiterProj:react-native-image-picker:unspecified] AndroidManifest.xml:11:5-67
	android:name
		ADDED from src\main\AndroidManifest.xml:8:22-64
uses-permission#android.permission.SYSTEM_ALERT_WINDOW
ADDED from src\main\AndroidManifest.xml:9:5-77
MERGED from [com.facebook.react:react-native:0.25.1] AndroidManifest.xml:11:5-78
MERGED from [com.facebook.react:react-native:0.25.1] AndroidManifest.xml:11:5-78
MERGED from [com.facebook.react:react-native:0.25.1] AndroidManifest.xml:11:5-78
	android:name
		ADDED from src\main\AndroidManifest.xml:9:22-75
uses-feature#android.hardware.camera
ADDED from src\main\AndroidManifest.xml:13:5-84
MERGED from [RNRecruiterProj:react-native-image-picker:unspecified] AndroidManifest.xml:16:5-18:36
	android:required
		ADDED from src\main\AndroidManifest.xml:13:58-82
	android:name
		ADDED from src\main\AndroidManifest.xml:13:19-57
uses-feature#android.hardware.camera.autofocus
ADDED from src\main\AndroidManifest.xml:14:5-94
MERGED from [RNRecruiterProj:react-native-image-picker:unspecified] AndroidManifest.xml:19:5-21:36
	android:required
		ADDED from src\main\AndroidManifest.xml:14:68-92
	android:name
		ADDED from src\main\AndroidManifest.xml:14:19-67
uses-permission#android.permission.VIBRATE
ADDED from src\main\AndroidManifest.xml:17:5-66
	android:name
		ADDED from src\main\AndroidManifest.xml:17:22-63
uses-permission#android.permission.RECORD_AUDIO
ADDED from src\main\AndroidManifest.xml:18:5-71
	android:name
		ADDED from src\main\AndroidManifest.xml:18:22-68
uses-permission#android.permission.CAMERA
ADDED from src\main\AndroidManifest.xml:19:5-65
MERGED from [RNRecruiterProj:react-native-image-picker:unspecified] AndroidManifest.xml:13:5-65
	android:name
		ADDED from src\main\AndroidManifest.xml:19:22-62
uses-permission#android.permission.ACCESS_NETWORK_STATE
ADDED from src\main\AndroidManifest.xml:20:5-79
	android:name
		ADDED from src\main\AndroidManifest.xml:20:22-76
uses-permission#android.permission.WRITE_EXTERNAL_STORAGE
ADDED from src\main\AndroidManifest.xml:21:5-81
MERGED from [RNRecruiterProj:react-native-image-picker:unspecified] AndroidManifest.xml:14:5-81
	android:name
		ADDED from src\main\AndroidManifest.xml:21:22-78
uses-permission#android.permission.MOUNT_UNMOUNT_FILESYSTEMS
ADDED from src\main\AndroidManifest.xml:22:5-84
	android:name
		ADDED from src\main\AndroidManifest.xml:22:22-81
uses-permission#android.permission.ACCESS_FINE_LOCATION
ADDED from src\main\AndroidManifest.xml:23:5-79
	android:name
		ADDED from src\main\AndroidManifest.xml:23:22-76
uses-permission#android.permission.GET_TASKS
ADDED from src\main\AndroidManifest.xml:24:5-68
	android:name
		ADDED from src\main\AndroidManifest.xml:24:22-65
uses-permission#android.permission.ACCESS_WIFI_STATE
ADDED from src\main\AndroidManifest.xml:25:5-76
	android:name
		ADDED from src\main\AndroidManifest.xml:25:22-73
uses-permission#android.permission.CHANGE_WIFI_STATE
ADDED from src\main\AndroidManifest.xml:26:5-76
	android:name
		ADDED from src\main\AndroidManifest.xml:26:22-73
uses-permission#android.permission.WAKE_LOCK
ADDED from src\main\AndroidManifest.xml:27:5-68
	android:name
		ADDED from src\main\AndroidManifest.xml:27:22-65
uses-permission#android.permission.MODIFY_AUDIO_SETTINGS
ADDED from src\main\AndroidManifest.xml:28:5-80
	android:name
		ADDED from src\main\AndroidManifest.xml:28:22-77
uses-permission#android.permission.READ_PHONE_STATE
ADDED from src\main\AndroidManifest.xml:29:5-75
	android:name
		ADDED from src\main\AndroidManifest.xml:29:22-72
uses-permission#android.permission.RECEIVE_BOOT_COMPLETED
ADDED from src\main\AndroidManifest.xml:30:5-81
	android:name
		ADDED from src\main\AndroidManifest.xml:30:22-78
uses-permission#android.permission.GET_ACCOUNTS
ADDED from src\main\AndroidManifest.xml:31:5-71
	android:name
		ADDED from src\main\AndroidManifest.xml:31:22-68
uses-permission#android.permission.USE_CREDENTIALS
ADDED from src\main\AndroidManifest.xml:32:5-74
	android:name
		ADDED from src\main\AndroidManifest.xml:32:22-71
uses-permission#android.permission.MANAGE_ACCOUNTS
ADDED from src\main\AndroidManifest.xml:33:5-74
	android:name
		ADDED from src\main\AndroidManifest.xml:33:22-71
uses-permission#android.permission.AUTHENTICATE_ACCOUNTS
ADDED from src\main\AndroidManifest.xml:34:5-80
	android:name
		ADDED from src\main\AndroidManifest.xml:34:22-77
uses-permission#com.android.launcher.permission.READ_SETTINGS
ADDED from src\main\AndroidManifest.xml:35:5-85
	android:name
		ADDED from src\main\AndroidManifest.xml:35:22-82
uses-permission#android.permission.BROADCAST_STICKY
ADDED from src\main\AndroidManifest.xml:36:5-75
	android:name
		ADDED from src\main\AndroidManifest.xml:36:22-72
uses-permission#android.permission.WRITE_SETTINGS
ADDED from src\main\AndroidManifest.xml:37:5-73
	android:name
		ADDED from src\main\AndroidManifest.xml:37:22-70
uses-permission#android.permission.INSTALL_PACKAGES
ADDED from src\main\AndroidManifest.xml:40:5-42:47
	android:name
		ADDED from src\main\AndroidManifest.xml:41:9-59
	tools:ignore
		ADDED from src\main\AndroidManifest.xml:42:9-44
permission#com.gikoo5.recruiter.permission.JPUSH_MESSAGE
ADDED from src\main\AndroidManifest.xml:45:5-47:47
	android:protectionLevel
		ADDED from src\main\AndroidManifest.xml:47:9-44
	android:name
		ADDED from src\main\AndroidManifest.xml:46:9-69
uses-permission#com.gikoo5.recruiter.permission.JPUSH_MESSAGE
ADDED from src\main\AndroidManifest.xml:48:5-85
	android:name
		ADDED from src\main\AndroidManifest.xml:48:22-82
uses-permission#android.permission.RECEIVE_USER_PRESENT
ADDED from src\main\AndroidManifest.xml:49:5-79
	android:name
		ADDED from src\main\AndroidManifest.xml:49:22-76
uses-permission#android.permission.READ_EXTERNAL_STORAGE
ADDED from src\main\AndroidManifest.xml:50:5-80
	android:name
		ADDED from src\main\AndroidManifest.xml:50:22-77
uses-permission#android.permission.ACCESS_COARSE_LOCATION
ADDED from src\main\AndroidManifest.xml:51:5-81
	android:name
		ADDED from src\main\AndroidManifest.xml:51:22-78
uses-permission#android.permission.ACCESS_LOCATION_EXTRA_COMMANDS
ADDED from src\main\AndroidManifest.xml:52:5-89
	android:name
		ADDED from src\main\AndroidManifest.xml:52:22-86
uses-permission#android.permission.CHANGE_NETWORK_STATE
ADDED from src\main\AndroidManifest.xml:53:5-79
	android:name
		ADDED from src\main\AndroidManifest.xml:53:22-76
uses-permission#android.permission.CALL_PHONE
ADDED from src\main\AndroidManifest.xml:56:5-69
	android:name
		ADDED from src\main\AndroidManifest.xml:56:22-66
uses-sdk
ADDED from src\main\AndroidManifest.xml:58:5-60:41
MERGED from [com.facebook.react:react-native:0.25.1] AndroidManifest.xml:7:5-9:41
MERGED from [com.facebook.fresco:fresco:0.8.1] AndroidManifest.xml:5:5-7:41
MERGED from [com.facebook.fresco:imagepipeline:0.8.1] AndroidManifest.xml:5:5-7:41
MERGED from [com.facebook.fresco:fbcore:0.8.1] AndroidManifest.xml:5:5-7:41
MERGED from [com.android.support:support-v4:23.3.0] AndroidManifest.xml:20:5-43
MERGED from [com.facebook.fresco:fbcore:0.8.1] AndroidManifest.xml:5:5-7:41
MERGED from [com.facebook.fresco:drawee:0.8.1] AndroidManifest.xml:5:5-7:41
MERGED from [com.facebook.fresco:fbcore:0.8.1] AndroidManifest.xml:5:5-7:41
MERGED from [com.android.support:support-v4:23.3.0] AndroidManifest.xml:20:5-43
MERGED from [com.facebook.fresco:imagepipeline-okhttp:0.8.1] AndroidManifest.xml:5:5-7:41
MERGED from [com.facebook.fresco:imagepipeline:0.8.1] AndroidManifest.xml:5:5-7:41
MERGED from [com.facebook.fresco:fbcore:0.8.1] AndroidManifest.xml:5:5-7:41
MERGED from [com.android.support:support-v4:23.3.0] AndroidManifest.xml:20:5-43
MERGED from [com.facebook.fresco:fbcore:0.8.1] AndroidManifest.xml:5:5-7:41
MERGED from [com.android.support:recyclerview-v7:23.1.0] AndroidManifest.xml:20:5-43
MERGED from [com.android.support:support-v4:23.3.0] AndroidManifest.xml:20:5-43
MERGED from [com.android.support:appcompat-v7:23.1.0] AndroidManifest.xml:20:5-43
MERGED from [com.android.support:support-v4:23.3.0] AndroidManifest.xml:20:5-43
MERGED from [com.github.afollestad.material-dialogs:commons:8f8ab21] AndroidManifest.xml:8:5-10:41
MERGED from [com.github.afollestad.material-dialogs:core:8f8ab21] AndroidManifest.xml:8:5-11:75
MERGED from [me.zhanghai.android.materialprogressbar:library:1.1.4] AndroidManifest.xml:11:5-13:41
MERGED from [com.android.support:appcompat-v7:23.1.0] AndroidManifest.xml:20:5-43
MERGED from [com.android.support:support-v4:23.3.0] AndroidManifest.xml:20:5-43
MERGED from [com.android.support:appcompat-v7:23.1.0] AndroidManifest.xml:20:5-43
MERGED from [com.android.support:support-v4:23.3.0] AndroidManifest.xml:20:5-43
MERGED from [com.android.support:recyclerview-v7:23.1.0] AndroidManifest.xml:20:5-43
MERGED from [com.android.support:support-v4:23.3.0] AndroidManifest.xml:20:5-43
MERGED from [com.android.support:support-v4:23.3.0] AndroidManifest.xml:20:5-43
MERGED from [com.android.support:appcompat-v7:23.1.0] AndroidManifest.xml:20:5-43
MERGED from [com.android.support:support-v4:23.3.0] AndroidManifest.xml:20:5-43
MERGED from [RNRecruiterProj:easeui:unspecified] AndroidManifest.xml:7:5-9:41
MERGED from [com.android.support:support-v4:23.3.0] AndroidManifest.xml:20:5-43
MERGED from [RNRecruiterProj:react-native-datetime:unspecified] AndroidManifest.xml:7:5-9:41
MERGED from [com.android.support:appcompat-v7:23.1.0] AndroidManifest.xml:20:5-43
MERGED from [com.android.support:support-v4:23.3.0] AndroidManifest.xml:20:5-43
MERGED from [com.facebook.react:react-native:0.25.1] AndroidManifest.xml:7:5-9:41
MERGED from [com.facebook.fresco:fresco:0.8.1] AndroidManifest.xml:5:5-7:41
MERGED from [com.facebook.fresco:imagepipeline:0.8.1] AndroidManifest.xml:5:5-7:41
MERGED from [com.facebook.fresco:fbcore:0.8.1] AndroidManifest.xml:5:5-7:41
MERGED from [com.android.support:support-v4:23.3.0] AndroidManifest.xml:20:5-43
MERGED from [com.facebook.fresco:fbcore:0.8.1] AndroidManifest.xml:5:5-7:41
MERGED from [com.facebook.fresco:drawee:0.8.1] AndroidManifest.xml:5:5-7:41
MERGED from [com.facebook.fresco:fbcore:0.8.1] AndroidManifest.xml:5:5-7:41
MERGED from [com.android.support:support-v4:23.3.0] AndroidManifest.xml:20:5-43
MERGED from [com.facebook.fresco:imagepipeline-okhttp:0.8.1] AndroidManifest.xml:5:5-7:41
MERGED from [com.facebook.fresco:imagepipeline:0.8.1] AndroidManifest.xml:5:5-7:41
MERGED from [com.facebook.fresco:fbcore:0.8.1] AndroidManifest.xml:5:5-7:41
MERGED from [com.android.support:support-v4:23.3.0] AndroidManifest.xml:20:5-43
MERGED from [com.facebook.fresco:fbcore:0.8.1] AndroidManifest.xml:5:5-7:41
MERGED from [com.android.support:recyclerview-v7:23.1.0] AndroidManifest.xml:20:5-43
MERGED from [com.android.support:support-v4:23.3.0] AndroidManifest.xml:20:5-43
MERGED from [com.android.support:appcompat-v7:23.1.0] AndroidManifest.xml:20:5-43
MERGED from [com.android.support:support-v4:23.3.0] AndroidManifest.xml:20:5-43
MERGED from [RNRecruiterProj:react-native-image-picker:unspecified] AndroidManifest.xml:7:5-9:41
MERGED from [com.facebook.react:react-native:0.25.1] AndroidManifest.xml:7:5-9:41
MERGED from [com.facebook.fresco:fresco:0.8.1] AndroidManifest.xml:5:5-7:41
MERGED from [com.facebook.fresco:imagepipeline:0.8.1] AndroidManifest.xml:5:5-7:41
MERGED from [com.facebook.fresco:fbcore:0.8.1] AndroidManifest.xml:5:5-7:41
MERGED from [com.android.support:support-v4:23.3.0] AndroidManifest.xml:20:5-43
MERGED from [com.facebook.fresco:fbcore:0.8.1] AndroidManifest.xml:5:5-7:41
MERGED from [com.facebook.fresco:drawee:0.8.1] AndroidManifest.xml:5:5-7:41
MERGED from [com.facebook.fresco:fbcore:0.8.1] AndroidManifest.xml:5:5-7:41
MERGED from [com.android.support:support-v4:23.3.0] AndroidManifest.xml:20:5-43
MERGED from [com.facebook.fresco:imagepipeline-okhttp:0.8.1] AndroidManifest.xml:5:5-7:41
MERGED from [com.facebook.fresco:imagepipeline:0.8.1] AndroidManifest.xml:5:5-7:41
MERGED from [com.facebook.fresco:fbcore:0.8.1] AndroidManifest.xml:5:5-7:41
MERGED from [com.android.support:support-v4:23.3.0] AndroidManifest.xml:20:5-43
MERGED from [com.facebook.fresco:fbcore:0.8.1] AndroidManifest.xml:5:5-7:41
MERGED from [com.android.support:recyclerview-v7:23.1.0] AndroidManifest.xml:20:5-43
MERGED from [com.android.support:support-v4:23.3.0] AndroidManifest.xml:20:5-43
MERGED from [com.android.support:appcompat-v7:23.1.0] AndroidManifest.xml:20:5-43
MERGED from [com.android.support:support-v4:23.3.0] AndroidManifest.xml:20:5-43
	android:targetSdkVersion
		ADDED from src\main\AndroidManifest.xml:60:9-38
		INJECTED from src\main\AndroidManifest.xml
		INJECTED from src\main\AndroidManifest.xml
	android:minSdkVersion
		ADDED from src\main\AndroidManifest.xml:59:9-35
		INJECTED from src\main\AndroidManifest.xml
		INJECTED from src\main\AndroidManifest.xml
	tools:overrideLibrary
		ADDED from [com.github.afollestad.material-dialogs:core:8f8ab21] AndroidManifest.xml:11:9-72
application
ADDED from src\main\AndroidManifest.xml:62:5-492:19
MERGED from [com.facebook.react:react-native:0.25.1] AndroidManifest.xml:13:5-20
MERGED from [org.webkit:android-jsc:r174650] AndroidManifest.xml:2:3-17
MERGED from [com.android.support:support-v4:23.3.0] AndroidManifest.xml:22:5-20
MERGED from [com.android.support:support-v4:23.3.0] AndroidManifest.xml:22:5-20
MERGED from [com.android.support:support-v4:23.3.0] AndroidManifest.xml:22:5-20
MERGED from [com.android.support:support-v4:23.3.0] AndroidManifest.xml:22:5-20
MERGED from [com.android.support:appcompat-v7:23.1.0] AndroidManifest.xml:22:5-20
MERGED from [com.android.support:support-v4:23.3.0] AndroidManifest.xml:22:5-20
MERGED from [com.github.afollestad.material-dialogs:commons:8f8ab21] AndroidManifest.xml:12:5-20
MERGED from [com.github.afollestad.material-dialogs:core:8f8ab21] AndroidManifest.xml:13:5-20
MERGED from [com.android.support:appcompat-v7:23.1.0] AndroidManifest.xml:22:5-20
MERGED from [com.android.support:support-v4:23.3.0] AndroidManifest.xml:22:5-20
MERGED from [com.android.support:appcompat-v7:23.1.0] AndroidManifest.xml:22:5-20
MERGED from [com.android.support:support-v4:23.3.0] AndroidManifest.xml:22:5-20
MERGED from [com.android.support:support-v4:23.3.0] AndroidManifest.xml:22:5-20
MERGED from [com.android.support:support-v4:23.3.0] AndroidManifest.xml:22:5-20
MERGED from [com.android.support:appcompat-v7:23.1.0] AndroidManifest.xml:22:5-20
MERGED from [com.android.support:support-v4:23.3.0] AndroidManifest.xml:22:5-20
MERGED from [com.android.support:support-v4:23.3.0] AndroidManifest.xml:22:5-20
MERGED from [com.android.support:appcompat-v7:23.1.0] AndroidManifest.xml:22:5-20
MERGED from [com.android.support:support-v4:23.3.0] AndroidManifest.xml:22:5-20
MERGED from [com.facebook.react:react-native:0.25.1] AndroidManifest.xml:13:5-20
MERGED from [org.webkit:android-jsc:r174650] AndroidManifest.xml:2:3-17
MERGED from [com.android.support:support-v4:23.3.0] AndroidManifest.xml:22:5-20
MERGED from [com.android.support:support-v4:23.3.0] AndroidManifest.xml:22:5-20
MERGED from [com.android.support:support-v4:23.3.0] AndroidManifest.xml:22:5-20
MERGED from [com.android.support:support-v4:23.3.0] AndroidManifest.xml:22:5-20
MERGED from [com.android.support:appcompat-v7:23.1.0] AndroidManifest.xml:22:5-20
MERGED from [com.android.support:support-v4:23.3.0] AndroidManifest.xml:22:5-20
MERGED from [com.facebook.react:react-native:0.25.1] AndroidManifest.xml:13:5-20
MERGED from [org.webkit:android-jsc:r174650] AndroidManifest.xml:2:3-17
MERGED from [com.android.support:support-v4:23.3.0] AndroidManifest.xml:22:5-20
MERGED from [com.android.support:support-v4:23.3.0] AndroidManifest.xml:22:5-20
MERGED from [com.android.support:support-v4:23.3.0] AndroidManifest.xml:22:5-20
MERGED from [com.android.support:support-v4:23.3.0] AndroidManifest.xml:22:5-20
MERGED from [com.android.support:appcompat-v7:23.1.0] AndroidManifest.xml:22:5-20
MERGED from [com.android.support:support-v4:23.3.0] AndroidManifest.xml:22:5-20
	android:label
		ADDED from src\main\AndroidManifest.xml:65:9-41
	android:allowBackup
		ADDED from src\main\AndroidManifest.xml:64:9-35
	android:icon
		ADDED from src\main\AndroidManifest.xml:66:9-45
	android:theme
		ADDED from src\main\AndroidManifest.xml:67:9-40
	android:name
		ADDED from src\main\AndroidManifest.xml:63:9-58
activity#com.facebook.react.devsupport.DevSettingsActivity
ADDED from src\main\AndroidManifest.xml:69:9-86
	android:name
		ADDED from src\main\AndroidManifest.xml:69:19-83
activity#com.gikoo5.recruiter.MainActivity
ADDED from src\main\AndroidManifest.xml:74:9-83:20
	android:screenOrientation
		ADDED from src\main\AndroidManifest.xml:76:13-49
	android:configChanges
		ADDED from src\main\AndroidManifest.xml:78:13-83
	android:name
		ADDED from src\main\AndroidManifest.xml:75:13-41
	android:launchMode
		ADDED from src\main\AndroidManifest.xml:77:13-44
intent-filter#android.intent.action.MAIN+android.intent.category.LAUNCHER
ADDED from src\main\AndroidManifest.xml:79:13-82:29
action#android.intent.action.MAIN
ADDED from src\main\AndroidManifest.xml:80:17-69
	android:name
		ADDED from src\main\AndroidManifest.xml:80:25-66
category#android.intent.category.LAUNCHER
ADDED from src\main\AndroidManifest.xml:81:17-77
	android:name
		ADDED from src\main\AndroidManifest.xml:81:27-74
activity#com.gikoo5.recruiter.GKIMChatPager
ADDED from src\main\AndroidManifest.xml:85:9-90:20
	android:windowSoftInputMode
		ADDED from src\main\AndroidManifest.xml:89:13-55
	android:screenOrientation
		ADDED from src\main\AndroidManifest.xml:88:13-49
	android:name
		ADDED from src\main\AndroidManifest.xml:86:13-62
	android:launchMode
		ADDED from src\main\AndroidManifest.xml:87:13-43
activity#com.lenovo.lps.sus.control.SUSPromptActivity
ADDED from src\main\AndroidManifest.xml:99:9-101:65
	android:theme
		ADDED from src\main\AndroidManifest.xml:101:13-62
	android:name
		ADDED from src\main\AndroidManifest.xml:100:13-72
activity#com.lenovo.lps.sus.control.SUSCustdefNotificationActivity
ADDED from src\main\AndroidManifest.xml:103:9-105:60
	android:theme
		ADDED from src\main\AndroidManifest.xml:105:13-57
	android:name
		ADDED from src\main\AndroidManifest.xml:104:13-85
activity#com.lenovo.lps.sus.control.SUSNotificationActivity
ADDED from src\main\AndroidManifest.xml:107:9-109:65
	android:theme
		ADDED from src\main\AndroidManifest.xml:109:13-62
	android:name
		ADDED from src\main\AndroidManifest.xml:108:13-78
meta-data#SUS_APPKEY
ADDED from src\main\AndroidManifest.xml:111:9-77
	android:name
		ADDED from src\main\AndroidManifest.xml:111:20-45
	android:value
		ADDED from src\main\AndroidManifest.xml:111:46-74
activity#cn.jpush.android.ui.PopWinActivity
ADDED from src\main\AndroidManifest.xml:120:9-124:20
	android:theme
		ADDED from src\main\AndroidManifest.xml:122:13-49
	android:exported
		ADDED from src\main\AndroidManifest.xml:123:13-37
	android:name
		ADDED from src\main\AndroidManifest.xml:121:13-62
activity#cn.jpush.android.ui.PushActivity
ADDED from src\main\AndroidManifest.xml:125:9-135:20
	android:configChanges
		ADDED from src\main\AndroidManifest.xml:127:13-63
	android:theme
		ADDED from src\main\AndroidManifest.xml:128:13-60
	android:exported
		ADDED from src\main\AndroidManifest.xml:129:13-37
	android:name
		ADDED from src\main\AndroidManifest.xml:126:13-60
intent-filter#android.intent.category.DEFAULT+cn.jpush.android.ui.PushActivity+com.gikoo5.recruiter
ADDED from src\main\AndroidManifest.xml:130:13-134:29
action#cn.jpush.android.ui.PushActivity
ADDED from src\main\AndroidManifest.xml:131:17-75
	android:name
		ADDED from src\main\AndroidManifest.xml:131:25-72
category#android.intent.category.DEFAULT
ADDED from src\main\AndroidManifest.xml:132:17-76
	android:name
		ADDED from src\main\AndroidManifest.xml:132:27-73
category#com.gikoo5.recruiter
ADDED from src\main\AndroidManifest.xml:133:17-65
	android:name
		ADDED from src\main\AndroidManifest.xml:133:27-62
service#cn.jpush.android.service.DownloadService
ADDED from src\main\AndroidManifest.xml:136:9-140:19
	android:exported
		ADDED from src\main\AndroidManifest.xml:139:13-37
	android:enabled
		ADDED from src\main\AndroidManifest.xml:138:13-35
	android:name
		ADDED from src\main\AndroidManifest.xml:137:13-68
service#cn.jpush.android.service.PushService
ADDED from src\main\AndroidManifest.xml:141:9-151:19
	android:exported
		ADDED from src\main\AndroidManifest.xml:144:13-37
	android:enabled
		ADDED from src\main\AndroidManifest.xml:143:13-35
	android:name
		ADDED from src\main\AndroidManifest.xml:142:13-64
intent-filter#cn.jpush.android.intent.PUSH_TIME+cn.jpush.android.intent.PushService+cn.jpush.android.intent.REGISTER+cn.jpush.android.intent.REPORT
ADDED from src\main\AndroidManifest.xml:145:13-150:29
action#cn.jpush.android.intent.REGISTER
ADDED from src\main\AndroidManifest.xml:146:17-75
	android:name
		ADDED from src\main\AndroidManifest.xml:146:25-72
action#cn.jpush.android.intent.REPORT
ADDED from src\main\AndroidManifest.xml:147:17-73
	android:name
		ADDED from src\main\AndroidManifest.xml:147:25-70
action#cn.jpush.android.intent.PushService
ADDED from src\main\AndroidManifest.xml:148:17-78
	android:name
		ADDED from src\main\AndroidManifest.xml:148:25-75
action#cn.jpush.android.intent.PUSH_TIME
ADDED from src\main\AndroidManifest.xml:149:17-76
	android:name
		ADDED from src\main\AndroidManifest.xml:149:25-73
service#cn.jpush.android.service.DaemonService
ADDED from src\main\AndroidManifest.xml:152:9-161:19
	android:exported
		ADDED from src\main\AndroidManifest.xml:155:13-36
	android:enabled
		ADDED from src\main\AndroidManifest.xml:154:13-35
	android:name
		ADDED from src\main\AndroidManifest.xml:153:13-66
intent-filter#cn.jpush.android.intent.DaemonService+com.gikoo5.recruiter
ADDED from src\main\AndroidManifest.xml:156:13-159:29
action#cn.jpush.android.intent.DaemonService
ADDED from src\main\AndroidManifest.xml:157:17-80
	android:name
		ADDED from src\main\AndroidManifest.xml:157:25-77
receiver#cn.jpush.android.service.PushReceiver
ADDED from src\main\AndroidManifest.xml:162:9-181:20
	android:exported
		ADDED from src\main\AndroidManifest.xml:165:13-37
	android:enabled
		ADDED from src\main\AndroidManifest.xml:164:13-35
	android:name
		ADDED from src\main\AndroidManifest.xml:163:13-65
intent-filter#cn.jpush.android.intent.NOTIFICATION_RECEIVED_PROXY+com.gikoo5.recruiter
ADDED from src\main\AndroidManifest.xml:166:13-169:29
	android:priority
		ADDED from src\main\AndroidManifest.xml:166:28-51
action#cn.jpush.android.intent.NOTIFICATION_RECEIVED_PROXY
ADDED from src\main\AndroidManifest.xml:167:17-94
	android:name
		ADDED from src\main\AndroidManifest.xml:167:25-91
intent-filter#android.intent.action.USER_PRESENT+android.net.conn.CONNECTIVITY_CHANGE
ADDED from src\main\AndroidManifest.xml:170:13-173:29
action#android.intent.action.USER_PRESENT
ADDED from src\main\AndroidManifest.xml:171:17-77
	android:name
		ADDED from src\main\AndroidManifest.xml:171:25-74
action#android.net.conn.CONNECTIVITY_CHANGE
ADDED from src\main\AndroidManifest.xml:172:17-79
	android:name
		ADDED from src\main\AndroidManifest.xml:172:25-76
intent-filter#android.intent.action.PACKAGE_ADDED+android.intent.action.PACKAGE_REMOVED
ADDED from src\main\AndroidManifest.xml:175:13-179:29
action#android.intent.action.PACKAGE_ADDED
ADDED from src\main\AndroidManifest.xml:176:17-78
	android:name
		ADDED from src\main\AndroidManifest.xml:176:25-75
action#android.intent.action.PACKAGE_REMOVED
ADDED from src\main\AndroidManifest.xml:177:17-80
	android:name
		ADDED from src\main\AndroidManifest.xml:177:25-77
data
ADDED from src\main\AndroidManifest.xml:178:17-50
	android:scheme
		ADDED from src\main\AndroidManifest.xml:178:23-47
receiver#cn.jpush.android.service.AlarmReceiver
ADDED from src\main\AndroidManifest.xml:182:9-99
	android:exported
		ADDED from src\main\AndroidManifest.xml:182:73-97
	android:name
		ADDED from src\main\AndroidManifest.xml:182:19-72
receiver#com.gikoo5.receiver.GKJPushReceiver
ADDED from src\main\AndroidManifest.xml:183:9-197:20
	android:exported
		ADDED from src\main\AndroidManifest.xml:185:13-37
	android:enabled
		ADDED from src\main\AndroidManifest.xml:186:13-35
	android:name
		ADDED from src\main\AndroidManifest.xml:184:13-63
intent-filter#cn.jpush.android.intent.ACTION_RICHPUSH_CALLBACK+cn.jpush.android.intent.CONNECTION+cn.jpush.android.intent.MESSAGE_RECEIVED+cn.jpush.android.intent.NOTIFICATION_OPENED+cn.jpush.android.intent.NOTIFICATION_RECEIVED+cn.jpush.android.intent.REGISTRATION+cn.jpush.android.intent.UNREGISTRATION+com.gikoo5.recruiter
ADDED from src\main\AndroidManifest.xml:187:13-196:29
action#cn.jpush.android.intent.REGISTRATION
ADDED from src\main\AndroidManifest.xml:188:17-79
	android:name
		ADDED from src\main\AndroidManifest.xml:188:25-76
action#cn.jpush.android.intent.UNREGISTRATION
ADDED from src\main\AndroidManifest.xml:189:17-81
	android:name
		ADDED from src\main\AndroidManifest.xml:189:25-78
action#cn.jpush.android.intent.MESSAGE_RECEIVED
ADDED from src\main\AndroidManifest.xml:190:17-83
	android:name
		ADDED from src\main\AndroidManifest.xml:190:25-80
action#cn.jpush.android.intent.NOTIFICATION_RECEIVED
ADDED from src\main\AndroidManifest.xml:191:17-88
	android:name
		ADDED from src\main\AndroidManifest.xml:191:25-85
action#cn.jpush.android.intent.NOTIFICATION_OPENED
ADDED from src\main\AndroidManifest.xml:192:17-86
	android:name
		ADDED from src\main\AndroidManifest.xml:192:25-83
action#cn.jpush.android.intent.ACTION_RICHPUSH_CALLBACK
ADDED from src\main\AndroidManifest.xml:193:17-91
	android:name
		ADDED from src\main\AndroidManifest.xml:193:25-88
action#cn.jpush.android.intent.CONNECTION
ADDED from src\main\AndroidManifest.xml:194:17-77
	android:name
		ADDED from src\main\AndroidManifest.xml:194:25-74
meta-data#JPUSH_CHANNEL
ADDED from src\main\AndroidManifest.xml:199:9-84
	android:name
		ADDED from src\main\AndroidManifest.xml:199:20-48
	android:value
		ADDED from src\main\AndroidManifest.xml:199:49-82
meta-data#JPUSH_APPKEY
ADDED from src\main\AndroidManifest.xml:200:9-91
	android:name
		ADDED from src\main\AndroidManifest.xml:200:20-47
	android:value
		ADDED from src\main\AndroidManifest.xml:200:48-88
activity#com.gikoo5.hyphenate.ui.SplashActivity
ADDED from src\main\AndroidManifest.xml:210:9-214:20
	android:screenOrientation
		ADDED from src\main\AndroidManifest.xml:212:13-49
	android:theme
		ADDED from src\main\AndroidManifest.xml:213:13-52
	android:name
		ADDED from src\main\AndroidManifest.xml:211:13-66
activity#com.gikoo5.hyphenate.ui.LoginActivity
ADDED from src\main\AndroidManifest.xml:217:9-222:20
	android:windowSoftInputMode
		ADDED from src\main\AndroidManifest.xml:221:13-68
	android:screenOrientation
		ADDED from src\main\AndroidManifest.xml:219:13-49
	android:theme
		ADDED from src\main\AndroidManifest.xml:220:13-52
	android:name
		ADDED from src\main\AndroidManifest.xml:218:13-65
activity#com.gikoo5.hyphenate.ui.RegisterActivity
ADDED from src\main\AndroidManifest.xml:225:9-230:20
	android:windowSoftInputMode
		ADDED from src\main\AndroidManifest.xml:229:13-68
	android:screenOrientation
		ADDED from src\main\AndroidManifest.xml:227:13-49
	android:theme
		ADDED from src\main\AndroidManifest.xml:228:13-52
	android:name
		ADDED from src\main\AndroidManifest.xml:226:13-68
activity#com.gikoo5.hyphenate.ui.ChatActivity
ADDED from src\main\AndroidManifest.xml:232:9-238:20
	android:windowSoftInputMode
		ADDED from src\main\AndroidManifest.xml:237:13-55
	android:screenOrientation
		ADDED from src\main\AndroidManifest.xml:235:13-49
	android:theme
		ADDED from src\main\AndroidManifest.xml:236:13-52
	android:name
		ADDED from src\main\AndroidManifest.xml:233:13-64
	android:launchMode
		ADDED from src\main\AndroidManifest.xml:234:13-44
activity#com.gikoo5.hyphenate.ui.AddContactActivity
ADDED from src\main\AndroidManifest.xml:248:9-253:20
	android:windowSoftInputMode
		ADDED from src\main\AndroidManifest.xml:251:13-55
	android:screenOrientation
		ADDED from src\main\AndroidManifest.xml:250:13-49
	android:theme
		ADDED from src\main\AndroidManifest.xml:252:13-52
	android:name
		ADDED from src\main\AndroidManifest.xml:249:13-70
activity#com.gikoo5.hyphenate.ui.GroupDetailsActivity
ADDED from src\main\AndroidManifest.xml:255:9-259:20
	android:screenOrientation
		ADDED from src\main\AndroidManifest.xml:257:13-49
	android:theme
		ADDED from src\main\AndroidManifest.xml:258:13-52
	android:name
		ADDED from src\main\AndroidManifest.xml:256:13-72
activity#com.gikoo5.hyphenate.ui.GroupsActivity
ADDED from src\main\AndroidManifest.xml:261:9-266:20
	android:windowSoftInputMode
		ADDED from src\main\AndroidManifest.xml:265:13-52
	android:screenOrientation
		ADDED from src\main\AndroidManifest.xml:263:13-49
	android:theme
		ADDED from src\main\AndroidManifest.xml:264:13-52
	android:name
		ADDED from src\main\AndroidManifest.xml:262:13-66
activity#com.gikoo5.hyphenate.ui.ChatRoomActivity
ADDED from src\main\AndroidManifest.xml:268:9-273:20
	android:windowSoftInputMode
		ADDED from src\main\AndroidManifest.xml:272:13-52
	android:screenOrientation
		ADDED from src\main\AndroidManifest.xml:270:13-49
	android:theme
		ADDED from src\main\AndroidManifest.xml:271:13-52
	android:name
		ADDED from src\main\AndroidManifest.xml:269:13-68